<?xml version="1.0" encoding="UTF-8"?>
<!-- Generated by org.testng.reporters.JUnitReportReporter -->
<testsuite skipped="0" hostname="DESKTOP-C35QMNU" name="moneyRediff" tests="1" failures="0" timestamp="18 Sep 2018 18:49:02 GMT" time="9.529" errors="0">
  <testcase name="list" time="9.529" classname="moneyRediff"/>
</testsuite> <!-- moneyRediff -->
